[Thu Mar  7 23:09:52 2024] Daemon started.
 [Thu Mar  7 23:09:52 2024] File Monitor started?
 [Thu Mar  7 23:10:10 2024] Daemon shutting down. 0
 [Thu Mar  7 23:10:37 2024] Renamed file: ohboy.xml to ./uploads/unkno_07-03-2024.xml
 [Thu Mar  7 23:10:37 2024] New file ohboy.xml created in upload directory.
 [Thu Mar  7 23:12:01 2024] Daemon shutting down.
 [Thu Mar  7 23:12:11 2024] Daemon started.
 [Thu Mar  7 23:12:11 2024] File Monitor started?
 [Thu Mar  7 23:12:34 2024] Daemon shutting down.
 [Thu Mar  7 23:12:55 2024] Daemon started.
 [Thu Mar  7 23:12:55 2024] File Monitor started?
 [Thu Mar  7 23:16:03 2024] Daemon shutting down.
 [Thu Mar  7 23:16:27 2024] Daemon started.
 [Thu Mar  7 23:16:27 2024] File Monitor started?
 [Thu Mar  7 23:17:07 2024] Moving XML files to the reports folder.
 [Thu Mar  7 23:17:07 2024] File moved from ./uploads/dept3_07-03-2024.xml to ./reports/dept3_07-03-2024.xml.
 [Thu Mar  7 23:17:07 2024] Report transfer operation complete.
 [Thu Mar  7 23:17:07 2024] File moving completed.
 [Thu Mar  7 23:30:07 2024] No file found for dept1 on today's date: 07-03-2024 in ./uploads
 [Thu Mar  7 23:30:07 2024] No file found for dept2 on today's date: 07-03-2024 in ./uploads
 [Thu Mar  7 23:30:07 2024] No file found for dept3 on today's date: 07-03-2024 in ./uploads
 [Thu Mar  7 23:30:07 2024] No file found for dept4 on today's date: 07-03-2024 in ./uploads
 [Thu Mar  7 23:41:42 2024] Daemon shutting down.
 